CRITICAL - 2023-10-10 06:50:36 --> Undefined index: id_unidadmedida
in APPPATH\Views\producto\producto.php on line 33.
 1 APPPATH\Views\producto\producto.php(33): CodeIgniter\Debug\Exceptions->errorHandler(8, 'Undefined index: id_unidadmedida', 'C:\\xampp\\htdocs\\kardexalmacen\\app\\Views\\producto\\producto.php', 33, [...])
 2 SYSTEMPATH\View\View.php(226): include('C:\\xampp\\htdocs\\kardexalmacen\\app\\Views\\producto\\producto.php')
 3 SYSTEMPATH\View\View.php(229): CodeIgniter\View\View->CodeIgniter\View\{closure}()
 4 SYSTEMPATH\Common.php(1188): CodeIgniter\View\View->render('producto/producto', [], true)
 5 APPPATH\Controllers\Producto.php(24): view('producto/producto', [...])
 6 SYSTEMPATH\CodeIgniter.php(919): App\Controllers\Producto->index()
 7 SYSTEMPATH\CodeIgniter.php(494): CodeIgniter\CodeIgniter->runController(Object(App\Controllers\Producto))
 8 SYSTEMPATH\CodeIgniter.php(353): CodeIgniter\CodeIgniter->handleRequest(null, Object(Config\Cache), false)
 9 FCPATH\index.php(79): CodeIgniter\CodeIgniter->run()
CRITICAL - 2023-10-10 07:48:52 --> Undefined variable: totalTime
in SYSTEMPATH\Debug\Toolbar\Views\toolbar.tpl.php on line 46.
 1 SYSTEMPATH\Debug\Toolbar\Views\toolbar.tpl.php(46): CodeIgniter\Debug\Exceptions->errorHandler(8, 'Undefined variable: totalTime', 'C:\\xampp\\htdocs\\kardexalmacen\\system\\Debug\\Toolbar\\Views\\toolbar.tpl.php', 46, [...])
 2 SYSTEMPATH\Debug\Toolbar.php(513): include('C:\\xampp\\htdocs\\kardexalmacen\\system\\Debug\\Toolbar\\Views\\toolbar.tpl.php')
 3 SYSTEMPATH\Debug\Toolbar.php(476): CodeIgniter\Debug\Toolbar->format([...], 'html')
 4 APPPATH\Config\Events.php(47): CodeIgniter\Debug\Toolbar->respond()
 5 SYSTEMPATH\Events\Events.php(152): CodeIgniter\Events\Events::Config\{closure}()
 6 SYSTEMPATH\CodeIgniter.php(434): CodeIgniter\Events\Events::trigger('pre_system')
 7 SYSTEMPATH\CodeIgniter.php(353): CodeIgniter\CodeIgniter->handleRequest(null, Object(Config\Cache), false)
 8 FCPATH\index.php(79): CodeIgniter\CodeIgniter->run()
