CRITICAL - 2023-10-09 01:37:26 --> "App\Models\UnidadesModel" model class does not have a valid dateFormat.
in SYSTEMPATH\BaseModel.php on line 1331.
 1 SYSTEMPATH\BaseModel.php(1331): CodeIgniter\Exceptions\ModelException::forNoDateFormat('App\\Models\\UnidadesModel')
 2 SYSTEMPATH\BaseModel.php(1298): CodeIgniter\BaseModel->intToDate(1696815446)
 3 SYSTEMPATH\BaseModel.php(772): CodeIgniter\BaseModel->setDate()
 4 SYSTEMPATH\Model.php(715): CodeIgniter\BaseModel->insert([...], false)
 5 SYSTEMPATH\BaseModel.php(698): CodeIgniter\Model->insert([...], false)
 6 APPPATH\Controllers\Unidades.php(39): CodeIgniter\BaseModel->save([...])
 7 SYSTEMPATH\CodeIgniter.php(919): App\Controllers\Unidades->insertar()
 8 SYSTEMPATH\CodeIgniter.php(494): CodeIgniter\CodeIgniter->runController(Object(App\Controllers\Unidades))
 9 SYSTEMPATH\CodeIgniter.php(353): CodeIgniter\CodeIgniter->handleRequest(null, Object(Config\Cache), false)
10 FCPATH\index.php(79): CodeIgniter\CodeIgniter->run()
CRITICAL - 2023-10-09 01:42:10 --> There is no data to insert.
in SYSTEMPATH\BaseModel.php on line 768.
 1 SYSTEMPATH\BaseModel.php(768): CodeIgniter\Database\Exceptions\DataException::forEmptyDataset('insert')
 2 SYSTEMPATH\Model.php(715): CodeIgniter\BaseModel->insert([], false)
 3 SYSTEMPATH\BaseModel.php(698): CodeIgniter\Model->insert([...], false)
 4 APPPATH\Controllers\Unidades.php(39): CodeIgniter\BaseModel->save([...])
 5 SYSTEMPATH\CodeIgniter.php(919): App\Controllers\Unidades->insertar()
 6 SYSTEMPATH\CodeIgniter.php(494): CodeIgniter\CodeIgniter->runController(Object(App\Controllers\Unidades))
 7 SYSTEMPATH\CodeIgniter.php(353): CodeIgniter\CodeIgniter->handleRequest(null, Object(Config\Cache), false)
 8 FCPATH\index.php(79): CodeIgniter\CodeIgniter->run()
CRITICAL - 2023-10-09 02:01:25 --> Too few arguments to function App\Controllers\Unidades::editar(), 0 passed in C:\xampp\htdocs\kardexalmacen\system\CodeIgniter.php on line 919 and exactly 1 expected
in APPPATH\Controllers\Unidades.php on line 43.
 1 SYSTEMPATH\CodeIgniter.php(919): App\Controllers\Unidades->editar()
 2 SYSTEMPATH\CodeIgniter.php(494): CodeIgniter\CodeIgniter->runController(Object(App\Controllers\Unidades))
 3 SYSTEMPATH\CodeIgniter.php(353): CodeIgniter\CodeIgniter->handleRequest(null, Object(Config\Cache), false)
 4 FCPATH\index.php(79): CodeIgniter\CodeIgniter->run()
CRITICAL - 2023-10-09 02:03:29 --> Too few arguments to function App\Controllers\Unidades::editar(), 0 passed in C:\xampp\htdocs\kardexalmacen\system\CodeIgniter.php on line 919 and exactly 1 expected
in APPPATH\Controllers\Unidades.php on line 43.
 1 SYSTEMPATH\CodeIgniter.php(919): App\Controllers\Unidades->editar()
 2 SYSTEMPATH\CodeIgniter.php(494): CodeIgniter\CodeIgniter->runController(Object(App\Controllers\Unidades))
 3 SYSTEMPATH\CodeIgniter.php(353): CodeIgniter\CodeIgniter->handleRequest(null, Object(Config\Cache), false)
 4 FCPATH\index.php(79): CodeIgniter\CodeIgniter->run()
CRITICAL - 2023-10-09 02:15:32 --> Too few arguments to function App\Controllers\Unidades::editar(), 0 passed in C:\xampp\htdocs\kardexalmacen\system\CodeIgniter.php on line 919 and exactly 1 expected
in APPPATH\Controllers\Unidades.php on line 43.
 1 SYSTEMPATH\CodeIgniter.php(919): App\Controllers\Unidades->editar()
 2 SYSTEMPATH\CodeIgniter.php(494): CodeIgniter\CodeIgniter->runController(Object(App\Controllers\Unidades))
 3 SYSTEMPATH\CodeIgniter.php(353): CodeIgniter\CodeIgniter->handleRequest(null, Object(Config\Cache), false)
 4 FCPATH\index.php(79): CodeIgniter\CodeIgniter->run()
CRITICAL - 2023-10-09 02:51:57 --> Undefined variable: titulo
in APPPATH\Views\unidades\editar.php on line 4.
 1 APPPATH\Views\unidades\editar.php(4): CodeIgniter\Debug\Exceptions->errorHandler(8, 'Undefined variable: titulo', 'C:\\xampp\\htdocs\\kardexalmacen\\app\\Views\\unidades\\editar.php', 4, [])
 2 SYSTEMPATH\View\View.php(226): include('C:\\xampp\\htdocs\\kardexalmacen\\app\\Views\\unidades\\editar.php')
 3 SYSTEMPATH\View\View.php(229): CodeIgniter\View\View->CodeIgniter\View\{closure}()
 4 SYSTEMPATH\Common.php(1188): CodeIgniter\View\View->render('unidades/editar', [], true)
 5 APPPATH\Controllers\Unidades.php(50): view('unidades/editar')
 6 SYSTEMPATH\CodeIgniter.php(919): App\Controllers\Unidades->editar()
 7 SYSTEMPATH\CodeIgniter.php(494): CodeIgniter\CodeIgniter->runController(Object(App\Controllers\Unidades))
 8 SYSTEMPATH\CodeIgniter.php(353): CodeIgniter\CodeIgniter->handleRequest(null, Object(Config\Cache), false)
 9 FCPATH\index.php(79): CodeIgniter\CodeIgniter->run()
CRITICAL - 2023-10-09 02:52:09 --> Undefined variable: titulo
in APPPATH\Views\unidades\editar.php on line 4.
 1 APPPATH\Views\unidades\editar.php(4): CodeIgniter\Debug\Exceptions->errorHandler(8, 'Undefined variable: titulo', 'C:\\xampp\\htdocs\\kardexalmacen\\app\\Views\\unidades\\editar.php', 4, [])
 2 SYSTEMPATH\View\View.php(226): include('C:\\xampp\\htdocs\\kardexalmacen\\app\\Views\\unidades\\editar.php')
 3 SYSTEMPATH\View\View.php(229): CodeIgniter\View\View->CodeIgniter\View\{closure}()
 4 SYSTEMPATH\Common.php(1188): CodeIgniter\View\View->render('unidades/editar', [], true)
 5 APPPATH\Controllers\Unidades.php(50): view('unidades/editar')
 6 SYSTEMPATH\CodeIgniter.php(919): App\Controllers\Unidades->editar()
 7 SYSTEMPATH\CodeIgniter.php(494): CodeIgniter\CodeIgniter->runController(Object(App\Controllers\Unidades))
 8 SYSTEMPATH\CodeIgniter.php(353): CodeIgniter\CodeIgniter->handleRequest(null, Object(Config\Cache), false)
 9 FCPATH\index.php(79): CodeIgniter\CodeIgniter->run()
CRITICAL - 2023-10-09 02:53:45 --> Invalid file: "unidades/unidades.php"
in SYSTEMPATH\Exceptions\FrameworkException.php on line 39.
 1 SYSTEMPATH\View\View.php(214): CodeIgniter\Exceptions\FrameworkException::forInvalidFile('unidades/unidades.php')
 2 SYSTEMPATH\Common.php(1188): CodeIgniter\View\View->render('unidades/unidades', [], true)
 3 APPPATH\Controllers\Unidades.php(24): view('unidades/unidades', [...])
 4 SYSTEMPATH\CodeIgniter.php(919): App\Controllers\Unidades->index()
 5 SYSTEMPATH\CodeIgniter.php(494): CodeIgniter\CodeIgniter->runController(Object(App\Controllers\Unidades))
 6 SYSTEMPATH\CodeIgniter.php(353): CodeIgniter\CodeIgniter->handleRequest(null, Object(Config\Cache), false)
 7 FCPATH\index.php(79): CodeIgniter\CodeIgniter->run()
CRITICAL - 2023-10-09 02:53:46 --> Invalid file: "unidades/unidades.php"
in SYSTEMPATH\Exceptions\FrameworkException.php on line 39.
 1 SYSTEMPATH\View\View.php(214): CodeIgniter\Exceptions\FrameworkException::forInvalidFile('unidades/unidades.php')
 2 SYSTEMPATH\Common.php(1188): CodeIgniter\View\View->render('unidades/unidades', [], true)
 3 APPPATH\Controllers\Unidades.php(24): view('unidades/unidades', [...])
 4 SYSTEMPATH\CodeIgniter.php(919): App\Controllers\Unidades->index()
 5 SYSTEMPATH\CodeIgniter.php(494): CodeIgniter\CodeIgniter->runController(Object(App\Controllers\Unidades))
 6 SYSTEMPATH\CodeIgniter.php(353): CodeIgniter\CodeIgniter->handleRequest(null, Object(Config\Cache), false)
 7 FCPATH\index.php(79): CodeIgniter\CodeIgniter->run()
CRITICAL - 2023-10-09 02:53:48 --> Invalid file: "unidades/nuevo.php"
in SYSTEMPATH\Exceptions\FrameworkException.php on line 39.
 1 SYSTEMPATH\View\View.php(214): CodeIgniter\Exceptions\FrameworkException::forInvalidFile('unidades/nuevo.php')
 2 SYSTEMPATH\Common.php(1188): CodeIgniter\View\View->render('unidades/nuevo', [], true)
 3 APPPATH\Controllers\Unidades.php(33): view('unidades/nuevo', [...])
 4 SYSTEMPATH\CodeIgniter.php(919): App\Controllers\Unidades->nuevo()
 5 SYSTEMPATH\CodeIgniter.php(494): CodeIgniter\CodeIgniter->runController(Object(App\Controllers\Unidades))
 6 SYSTEMPATH\CodeIgniter.php(353): CodeIgniter\CodeIgniter->handleRequest(null, Object(Config\Cache), false)
 7 FCPATH\index.php(79): CodeIgniter\CodeIgniter->run()
CRITICAL - 2023-10-09 02:53:56 --> Invalid file: "unidades/unidades.php"
in SYSTEMPATH\Exceptions\FrameworkException.php on line 39.
 1 SYSTEMPATH\View\View.php(214): CodeIgniter\Exceptions\FrameworkException::forInvalidFile('unidades/unidades.php')
 2 SYSTEMPATH\Common.php(1188): CodeIgniter\View\View->render('unidades/unidades', [], true)
 3 APPPATH\Controllers\Unidades.php(24): view('unidades/unidades', [...])
 4 SYSTEMPATH\CodeIgniter.php(919): App\Controllers\Unidades->index()
 5 SYSTEMPATH\CodeIgniter.php(494): CodeIgniter\CodeIgniter->runController(Object(App\Controllers\Unidades))
 6 SYSTEMPATH\CodeIgniter.php(353): CodeIgniter\CodeIgniter->handleRequest(null, Object(Config\Cache), false)
 7 FCPATH\index.php(79): CodeIgniter\CodeIgniter->run()
CRITICAL - 2023-10-09 02:54:36 --> Invalid file: "unidades/unidades.php"
in SYSTEMPATH\Exceptions\FrameworkException.php on line 39.
 1 SYSTEMPATH\View\View.php(214): CodeIgniter\Exceptions\FrameworkException::forInvalidFile('unidades/unidades.php')
 2 SYSTEMPATH\Common.php(1188): CodeIgniter\View\View->render('unidades/unidades', [], true)
 3 APPPATH\Controllers\Unidades.php(24): view('unidades/unidades', [...])
 4 SYSTEMPATH\CodeIgniter.php(919): App\Controllers\Unidades->index()
 5 SYSTEMPATH\CodeIgniter.php(494): CodeIgniter\CodeIgniter->runController(Object(App\Controllers\Unidades))
 6 SYSTEMPATH\CodeIgniter.php(353): CodeIgniter\CodeIgniter->handleRequest(null, Object(Config\Cache), false)
 7 FCPATH\index.php(79): CodeIgniter\CodeIgniter->run()
CRITICAL - 2023-10-09 02:54:37 --> Invalid file: "unidades/unidades.php"
in SYSTEMPATH\Exceptions\FrameworkException.php on line 39.
 1 SYSTEMPATH\View\View.php(214): CodeIgniter\Exceptions\FrameworkException::forInvalidFile('unidades/unidades.php')
 2 SYSTEMPATH\Common.php(1188): CodeIgniter\View\View->render('unidades/unidades', [], true)
 3 APPPATH\Controllers\Unidades.php(24): view('unidades/unidades', [...])
 4 SYSTEMPATH\CodeIgniter.php(919): App\Controllers\Unidades->index()
 5 SYSTEMPATH\CodeIgniter.php(494): CodeIgniter\CodeIgniter->runController(Object(App\Controllers\Unidades))
 6 SYSTEMPATH\CodeIgniter.php(353): CodeIgniter\CodeIgniter->handleRequest(null, Object(Config\Cache), false)
 7 FCPATH\index.php(79): CodeIgniter\CodeIgniter->run()
CRITICAL - 2023-10-09 02:55:01 --> Invalid file: "unidades/unidades.php"
in SYSTEMPATH\Exceptions\FrameworkException.php on line 39.
 1 SYSTEMPATH\View\View.php(214): CodeIgniter\Exceptions\FrameworkException::forInvalidFile('unidades/unidades.php')
 2 SYSTEMPATH\Common.php(1188): CodeIgniter\View\View->render('unidades/unidades', [], true)
 3 APPPATH\Controllers\Unidades.php(24): view('unidades/unidades', [...])
 4 SYSTEMPATH\CodeIgniter.php(919): App\Controllers\Unidades->index()
 5 SYSTEMPATH\CodeIgniter.php(494): CodeIgniter\CodeIgniter->runController(Object(App\Controllers\Unidades))
 6 SYSTEMPATH\CodeIgniter.php(353): CodeIgniter\CodeIgniter->handleRequest(null, Object(Config\Cache), false)
 7 FCPATH\index.php(79): CodeIgniter\CodeIgniter->run()
CRITICAL - 2023-10-09 02:55:30 --> Invalid file: "unidades/unidades.php"
in SYSTEMPATH\Exceptions\FrameworkException.php on line 39.
 1 SYSTEMPATH\View\View.php(214): CodeIgniter\Exceptions\FrameworkException::forInvalidFile('unidades/unidades.php')
 2 SYSTEMPATH\Common.php(1188): CodeIgniter\View\View->render('unidades/unidades', [], true)
 3 APPPATH\Controllers\Unidades.php(24): view('unidades/unidades', [...])
 4 SYSTEMPATH\CodeIgniter.php(919): App\Controllers\Unidades->index()
 5 SYSTEMPATH\CodeIgniter.php(494): CodeIgniter\CodeIgniter->runController(Object(App\Controllers\Unidades))
 6 SYSTEMPATH\CodeIgniter.php(353): CodeIgniter\CodeIgniter->handleRequest(null, Object(Config\Cache), false)
 7 FCPATH\index.php(79): CodeIgniter\CodeIgniter->run()
CRITICAL - 2023-10-09 02:57:53 --> Invalid file: "unidades/unidades.php"
in SYSTEMPATH\Exceptions\FrameworkException.php on line 39.
 1 SYSTEMPATH\View\View.php(214): CodeIgniter\Exceptions\FrameworkException::forInvalidFile('unidades/unidades.php')
 2 SYSTEMPATH\Common.php(1188): CodeIgniter\View\View->render('unidades/unidades', [], true)
 3 APPPATH\Controllers\Unidades.php(24): view('unidades/unidades', [...])
 4 SYSTEMPATH\CodeIgniter.php(919): App\Controllers\Unidades->index()
 5 SYSTEMPATH\CodeIgniter.php(494): CodeIgniter\CodeIgniter->runController(Object(App\Controllers\Unidades))
 6 SYSTEMPATH\CodeIgniter.php(353): CodeIgniter\CodeIgniter->handleRequest(null, Object(Config\Cache), false)
 7 FCPATH\index.php(79): CodeIgniter\CodeIgniter->run()
CRITICAL - 2023-10-09 02:59:09 --> Invalid file: "unidades/unidades.php"
in SYSTEMPATH\Exceptions\FrameworkException.php on line 39.
 1 SYSTEMPATH\View\View.php(214): CodeIgniter\Exceptions\FrameworkException::forInvalidFile('unidades/unidades.php')
 2 SYSTEMPATH\Common.php(1188): CodeIgniter\View\View->render('unidades/unidades', [], true)
 3 APPPATH\Controllers\Unidades.php(24): view('unidades/unidades', [...])
 4 SYSTEMPATH\CodeIgniter.php(919): App\Controllers\Unidades->index()
 5 SYSTEMPATH\CodeIgniter.php(494): CodeIgniter\CodeIgniter->runController(Object(App\Controllers\Unidades))
 6 SYSTEMPATH\CodeIgniter.php(353): CodeIgniter\CodeIgniter->handleRequest(null, Object(Config\Cache), false)
 7 FCPATH\index.php(79): CodeIgniter\CodeIgniter->run()
CRITICAL - 2023-10-09 02:59:09 --> Invalid file: "unidades/unidades.php"
in SYSTEMPATH\Exceptions\FrameworkException.php on line 39.
 1 SYSTEMPATH\View\View.php(214): CodeIgniter\Exceptions\FrameworkException::forInvalidFile('unidades/unidades.php')
 2 SYSTEMPATH\Common.php(1188): CodeIgniter\View\View->render('unidades/unidades', [], true)
 3 APPPATH\Controllers\Unidades.php(24): view('unidades/unidades', [...])
 4 SYSTEMPATH\CodeIgniter.php(919): App\Controllers\Unidades->index()
 5 SYSTEMPATH\CodeIgniter.php(494): CodeIgniter\CodeIgniter->runController(Object(App\Controllers\Unidades))
 6 SYSTEMPATH\CodeIgniter.php(353): CodeIgniter\CodeIgniter->handleRequest(null, Object(Config\Cache), false)
 7 FCPATH\index.php(79): CodeIgniter\CodeIgniter->run()
CRITICAL - 2023-10-09 02:59:41 --> Invalid file: "unidades/unidades.php"
in SYSTEMPATH\Exceptions\FrameworkException.php on line 39.
 1 SYSTEMPATH\View\View.php(214): CodeIgniter\Exceptions\FrameworkException::forInvalidFile('unidades/unidades.php')
 2 SYSTEMPATH\Common.php(1188): CodeIgniter\View\View->render('unidades/unidades', [], true)
 3 APPPATH\Controllers\Unidades.php(24): view('unidades/unidades', [...])
 4 SYSTEMPATH\CodeIgniter.php(919): App\Controllers\Unidades->index()
 5 SYSTEMPATH\CodeIgniter.php(494): CodeIgniter\CodeIgniter->runController(Object(App\Controllers\Unidades))
 6 SYSTEMPATH\CodeIgniter.php(353): CodeIgniter\CodeIgniter->handleRequest(null, Object(Config\Cache), false)
 7 FCPATH\index.php(79): CodeIgniter\CodeIgniter->run()
CRITICAL - 2023-10-09 03:00:34 --> Invalid file: "unidades/unidades.php"
in SYSTEMPATH\Exceptions\FrameworkException.php on line 39.
 1 SYSTEMPATH\View\View.php(214): CodeIgniter\Exceptions\FrameworkException::forInvalidFile('unidades/unidades.php')
 2 SYSTEMPATH\Common.php(1188): CodeIgniter\View\View->render('unidades/unidades', [], true)
 3 APPPATH\Controllers\Unidades.php(24): view('unidades/unidades', [...])
 4 SYSTEMPATH\CodeIgniter.php(919): App\Controllers\Unidades->index()
 5 SYSTEMPATH\CodeIgniter.php(494): CodeIgniter\CodeIgniter->runController(Object(App\Controllers\Unidades))
 6 SYSTEMPATH\CodeIgniter.php(353): CodeIgniter\CodeIgniter->handleRequest(null, Object(Config\Cache), false)
 7 FCPATH\index.php(79): CodeIgniter\CodeIgniter->run()
CRITICAL - 2023-10-09 03:04:27 --> Invalid file: "unidades/unidades.php"
in SYSTEMPATH\Exceptions\FrameworkException.php on line 39.
 1 SYSTEMPATH\View\View.php(214): CodeIgniter\Exceptions\FrameworkException::forInvalidFile('unidades/unidades.php')
 2 SYSTEMPATH\Common.php(1188): CodeIgniter\View\View->render('unidades/unidades', [], true)
 3 APPPATH\Controllers\Unidades.php(24): view('unidades/unidades', [...])
 4 SYSTEMPATH\CodeIgniter.php(919): App\Controllers\Unidades->index()
 5 SYSTEMPATH\CodeIgniter.php(494): CodeIgniter\CodeIgniter->runController(Object(App\Controllers\Unidades))
 6 SYSTEMPATH\CodeIgniter.php(353): CodeIgniter\CodeIgniter->handleRequest(null, Object(Config\Cache), false)
 7 FCPATH\index.php(79): CodeIgniter\CodeIgniter->run()
CRITICAL - 2023-10-09 03:10:18 --> Invalid file: "unidades/unidades.php"
in SYSTEMPATH\Exceptions\FrameworkException.php on line 39.
 1 SYSTEMPATH\View\View.php(214): CodeIgniter\Exceptions\FrameworkException::forInvalidFile('unidades/unidades.php')
 2 SYSTEMPATH\Common.php(1188): CodeIgniter\View\View->render('unidades/unidades', [], true)
 3 APPPATH\Controllers\Unidades.php(24): view('unidades/unidades', [...])
 4 SYSTEMPATH\CodeIgniter.php(919): App\Controllers\Unidades->index()
 5 SYSTEMPATH\CodeIgniter.php(494): CodeIgniter\CodeIgniter->runController(Object(App\Controllers\Unidades))
 6 SYSTEMPATH\CodeIgniter.php(353): CodeIgniter\CodeIgniter->handleRequest(null, Object(Config\Cache), false)
 7 FCPATH\index.php(79): CodeIgniter\CodeIgniter->run()
CRITICAL - 2023-10-09 03:12:11 --> Invalid file: "unidades/unidades.php"
in SYSTEMPATH\Exceptions\FrameworkException.php on line 39.
 1 SYSTEMPATH\View\View.php(214): CodeIgniter\Exceptions\FrameworkException::forInvalidFile('unidades/unidades.php')
 2 SYSTEMPATH\Common.php(1188): CodeIgniter\View\View->render('unidades/unidades', [], true)
 3 APPPATH\Controllers\Unidades.php(24): view('unidades/unidades', [...])
 4 SYSTEMPATH\CodeIgniter.php(919): App\Controllers\Unidades->index()
 5 SYSTEMPATH\CodeIgniter.php(494): CodeIgniter\CodeIgniter->runController(Object(App\Controllers\Unidades))
 6 SYSTEMPATH\CodeIgniter.php(353): CodeIgniter\CodeIgniter->handleRequest(null, Object(Config\Cache), false)
 7 FCPATH\index.php(79): CodeIgniter\CodeIgniter->run()
CRITICAL - 2023-10-09 03:12:49 --> Invalid file: "unidades/unidades.php"
in SYSTEMPATH\Exceptions\FrameworkException.php on line 39.
 1 SYSTEMPATH\View\View.php(214): CodeIgniter\Exceptions\FrameworkException::forInvalidFile('unidades/unidades.php')
 2 SYSTEMPATH\Common.php(1188): CodeIgniter\View\View->render('unidades/unidades', [], true)
 3 APPPATH\Controllers\Unidades.php(24): view('unidades/unidades', [...])
 4 SYSTEMPATH\CodeIgniter.php(919): App\Controllers\Unidades->index()
 5 SYSTEMPATH\CodeIgniter.php(494): CodeIgniter\CodeIgniter->runController(Object(App\Controllers\Unidades))
 6 SYSTEMPATH\CodeIgniter.php(353): CodeIgniter\CodeIgniter->handleRequest(null, Object(Config\Cache), false)
 7 FCPATH\index.php(79): CodeIgniter\CodeIgniter->run()
CRITICAL - 2023-10-09 03:12:55 --> Invalid file: "unidades/unidades.php"
in SYSTEMPATH\Exceptions\FrameworkException.php on line 39.
 1 SYSTEMPATH\View\View.php(214): CodeIgniter\Exceptions\FrameworkException::forInvalidFile('unidades/unidades.php')
 2 SYSTEMPATH\Common.php(1188): CodeIgniter\View\View->render('unidades/unidades', [], true)
 3 APPPATH\Controllers\Unidades.php(24): view('unidades/unidades', [...])
 4 SYSTEMPATH\CodeIgniter.php(919): App\Controllers\Unidades->index()
 5 SYSTEMPATH\CodeIgniter.php(494): CodeIgniter\CodeIgniter->runController(Object(App\Controllers\Unidades))
 6 SYSTEMPATH\CodeIgniter.php(353): CodeIgniter\CodeIgniter->handleRequest(null, Object(Config\Cache), false)
 7 FCPATH\index.php(79): CodeIgniter\CodeIgniter->run()
CRITICAL - 2023-10-09 03:13:58 --> Invalid file: "unidades/unidades.php"
in SYSTEMPATH\Exceptions\FrameworkException.php on line 39.
 1 SYSTEMPATH\View\View.php(214): CodeIgniter\Exceptions\FrameworkException::forInvalidFile('unidades/unidades.php')
 2 SYSTEMPATH\Common.php(1188): CodeIgniter\View\View->render('unidades/unidades', [], true)
 3 APPPATH\Controllers\Unidades.php(24): view('unidades/unidades', [...])
 4 SYSTEMPATH\CodeIgniter.php(919): App\Controllers\Unidades->index()
 5 SYSTEMPATH\CodeIgniter.php(494): CodeIgniter\CodeIgniter->runController(Object(App\Controllers\Unidades))
 6 SYSTEMPATH\CodeIgniter.php(353): CodeIgniter\CodeIgniter->handleRequest(null, Object(Config\Cache), false)
 7 FCPATH\index.php(79): CodeIgniter\CodeIgniter->run()
CRITICAL - 2023-10-09 03:14:17 --> Invalid file: "table.php"
in SYSTEMPATH\Exceptions\FrameworkException.php on line 39.
 1 SYSTEMPATH\View\View.php(214): CodeIgniter\Exceptions\FrameworkException::forInvalidFile('table.php')
 2 SYSTEMPATH\Common.php(1188): CodeIgniter\View\View->render('table', [], true)
 3 APPPATH\Controllers\Unidades.php(24): view('table', [...])
 4 SYSTEMPATH\CodeIgniter.php(919): App\Controllers\Unidades->index()
 5 SYSTEMPATH\CodeIgniter.php(494): CodeIgniter\CodeIgniter->runController(Object(App\Controllers\Unidades))
 6 SYSTEMPATH\CodeIgniter.php(353): CodeIgniter\CodeIgniter->handleRequest(null, Object(Config\Cache), false)
 7 FCPATH\index.php(79): CodeIgniter\CodeIgniter->run()
CRITICAL - 2023-10-09 03:14:20 --> Invalid file: "table.php"
in SYSTEMPATH\Exceptions\FrameworkException.php on line 39.
 1 SYSTEMPATH\View\View.php(214): CodeIgniter\Exceptions\FrameworkException::forInvalidFile('table.php')
 2 SYSTEMPATH\Common.php(1188): CodeIgniter\View\View->render('table', [], true)
 3 APPPATH\Controllers\Unidades.php(24): view('table', [...])
 4 SYSTEMPATH\CodeIgniter.php(919): App\Controllers\Unidades->index()
 5 SYSTEMPATH\CodeIgniter.php(494): CodeIgniter\CodeIgniter->runController(Object(App\Controllers\Unidades))
 6 SYSTEMPATH\CodeIgniter.php(353): CodeIgniter\CodeIgniter->handleRequest(null, Object(Config\Cache), false)
 7 FCPATH\index.php(79): CodeIgniter\CodeIgniter->run()
CRITICAL - 2023-10-09 03:16:41 --> Invalid file: "unidades/unidades.php"
in SYSTEMPATH\Exceptions\FrameworkException.php on line 39.
 1 SYSTEMPATH\View\View.php(214): CodeIgniter\Exceptions\FrameworkException::forInvalidFile('unidades/unidades.php')
 2 SYSTEMPATH\Common.php(1188): CodeIgniter\View\View->render('unidades/unidades', [], true)
 3 APPPATH\Controllers\Unidades.php(24): view('unidades/unidades', [...])
 4 SYSTEMPATH\CodeIgniter.php(919): App\Controllers\Unidades->index()
 5 SYSTEMPATH\CodeIgniter.php(494): CodeIgniter\CodeIgniter->runController(Object(App\Controllers\Unidades))
 6 SYSTEMPATH\CodeIgniter.php(353): CodeIgniter\CodeIgniter->handleRequest(null, Object(Config\Cache), false)
 7 FCPATH\index.php(79): CodeIgniter\CodeIgniter->run()
CRITICAL - 2023-10-09 03:17:00 --> Invalid file: "unidades/unidades.php"
in SYSTEMPATH\Exceptions\FrameworkException.php on line 39.
 1 SYSTEMPATH\View\View.php(214): CodeIgniter\Exceptions\FrameworkException::forInvalidFile('unidades/unidades.php')
 2 SYSTEMPATH\Common.php(1188): CodeIgniter\View\View->render('unidades/unidades', [], true)
 3 APPPATH\Controllers\Unidades.php(24): view('unidades/unidades', [...])
 4 SYSTEMPATH\CodeIgniter.php(919): App\Controllers\Unidades->index()
 5 SYSTEMPATH\CodeIgniter.php(494): CodeIgniter\CodeIgniter->runController(Object(App\Controllers\Unidades))
 6 SYSTEMPATH\CodeIgniter.php(353): CodeIgniter\CodeIgniter->handleRequest(null, Object(Config\Cache), false)
 7 FCPATH\index.php(79): CodeIgniter\CodeIgniter->run()
CRITICAL - 2023-10-09 03:17:20 --> Invalid file: "unidades/unidades.php"
in SYSTEMPATH\Exceptions\FrameworkException.php on line 39.
 1 SYSTEMPATH\View\View.php(214): CodeIgniter\Exceptions\FrameworkException::forInvalidFile('unidades/unidades.php')
 2 SYSTEMPATH\Common.php(1188): CodeIgniter\View\View->render('unidades/unidades', [], true)
 3 APPPATH\Controllers\Unidades.php(24): view('unidades/unidades', [...])
 4 SYSTEMPATH\CodeIgniter.php(919): App\Controllers\Unidades->index()
 5 SYSTEMPATH\CodeIgniter.php(494): CodeIgniter\CodeIgniter->runController(Object(App\Controllers\Unidades))
 6 SYSTEMPATH\CodeIgniter.php(353): CodeIgniter\CodeIgniter->handleRequest(null, Object(Config\Cache), false)
 7 FCPATH\index.php(79): CodeIgniter\CodeIgniter->run()
CRITICAL - 2023-10-09 03:17:53 --> Invalid file: "unidades/unidades.php"
in SYSTEMPATH\Exceptions\FrameworkException.php on line 39.
 1 SYSTEMPATH\View\View.php(214): CodeIgniter\Exceptions\FrameworkException::forInvalidFile('unidades/unidades.php')
 2 SYSTEMPATH\Common.php(1188): CodeIgniter\View\View->render('unidades/unidades', [], true)
 3 APPPATH\Controllers\Unidades.php(24): view('unidades/unidades', [...])
 4 SYSTEMPATH\CodeIgniter.php(919): App\Controllers\Unidades->index()
 5 SYSTEMPATH\CodeIgniter.php(494): CodeIgniter\CodeIgniter->runController(Object(App\Controllers\Unidades))
 6 SYSTEMPATH\CodeIgniter.php(353): CodeIgniter\CodeIgniter->handleRequest(null, Object(Config\Cache), false)
 7 FCPATH\index.php(79): CodeIgniter\CodeIgniter->run()
CRITICAL - 2023-10-09 03:18:38 --> Invalid file: "unidades/unidades.php"
in SYSTEMPATH\Exceptions\FrameworkException.php on line 39.
 1 SYSTEMPATH\View\View.php(214): CodeIgniter\Exceptions\FrameworkException::forInvalidFile('unidades/unidades.php')
 2 SYSTEMPATH\Common.php(1188): CodeIgniter\View\View->render('unidades/unidades', [], true)
 3 APPPATH\Controllers\Unidades.php(24): view('unidades/unidades', [...])
 4 SYSTEMPATH\CodeIgniter.php(919): App\Controllers\Unidades->index()
 5 SYSTEMPATH\CodeIgniter.php(494): CodeIgniter\CodeIgniter->runController(Object(App\Controllers\Unidades))
 6 SYSTEMPATH\CodeIgniter.php(353): CodeIgniter\CodeIgniter->handleRequest(null, Object(Config\Cache), false)
 7 FCPATH\index.php(79): CodeIgniter\CodeIgniter->run()
CRITICAL - 2023-10-09 03:21:35 --> Invalid file: "unidades/unidades.php"
in SYSTEMPATH\Exceptions\FrameworkException.php on line 39.
 1 SYSTEMPATH\View\View.php(214): CodeIgniter\Exceptions\FrameworkException::forInvalidFile('unidades/unidades.php')
 2 SYSTEMPATH\Common.php(1188): CodeIgniter\View\View->render('unidades/unidades', [], true)
 3 APPPATH\Controllers\Unidades.php(24): view('unidades/unidades', [...])
 4 SYSTEMPATH\CodeIgniter.php(919): App\Controllers\Unidades->index()
 5 SYSTEMPATH\CodeIgniter.php(494): CodeIgniter\CodeIgniter->runController(Object(App\Controllers\Unidades))
 6 SYSTEMPATH\CodeIgniter.php(353): CodeIgniter\CodeIgniter->handleRequest(null, Object(Config\Cache), false)
 7 FCPATH\index.php(79): CodeIgniter\CodeIgniter->run()
CRITICAL - 2023-10-09 03:21:35 --> Invalid file: "unidades/unidades.php"
in SYSTEMPATH\Exceptions\FrameworkException.php on line 39.
 1 SYSTEMPATH\View\View.php(214): CodeIgniter\Exceptions\FrameworkException::forInvalidFile('unidades/unidades.php')
 2 SYSTEMPATH\Common.php(1188): CodeIgniter\View\View->render('unidades/unidades', [], true)
 3 APPPATH\Controllers\Unidades.php(24): view('unidades/unidades', [...])
 4 SYSTEMPATH\CodeIgniter.php(919): App\Controllers\Unidades->index()
 5 SYSTEMPATH\CodeIgniter.php(494): CodeIgniter\CodeIgniter->runController(Object(App\Controllers\Unidades))
 6 SYSTEMPATH\CodeIgniter.php(353): CodeIgniter\CodeIgniter->handleRequest(null, Object(Config\Cache), false)
 7 FCPATH\index.php(79): CodeIgniter\CodeIgniter->run()
CRITICAL - 2023-10-09 03:21:36 --> Invalid file: "unidades/unidades.php"
in SYSTEMPATH\Exceptions\FrameworkException.php on line 39.
 1 SYSTEMPATH\View\View.php(214): CodeIgniter\Exceptions\FrameworkException::forInvalidFile('unidades/unidades.php')
 2 SYSTEMPATH\Common.php(1188): CodeIgniter\View\View->render('unidades/unidades', [], true)
 3 APPPATH\Controllers\Unidades.php(24): view('unidades/unidades', [...])
 4 SYSTEMPATH\CodeIgniter.php(919): App\Controllers\Unidades->index()
 5 SYSTEMPATH\CodeIgniter.php(494): CodeIgniter\CodeIgniter->runController(Object(App\Controllers\Unidades))
 6 SYSTEMPATH\CodeIgniter.php(353): CodeIgniter\CodeIgniter->handleRequest(null, Object(Config\Cache), false)
 7 FCPATH\index.php(79): CodeIgniter\CodeIgniter->run()
CRITICAL - 2023-10-09 03:21:37 --> Invalid file: "unidades/unidades.php"
in SYSTEMPATH\Exceptions\FrameworkException.php on line 39.
 1 SYSTEMPATH\View\View.php(214): CodeIgniter\Exceptions\FrameworkException::forInvalidFile('unidades/unidades.php')
 2 SYSTEMPATH\Common.php(1188): CodeIgniter\View\View->render('unidades/unidades', [], true)
 3 APPPATH\Controllers\Unidades.php(24): view('unidades/unidades', [...])
 4 SYSTEMPATH\CodeIgniter.php(919): App\Controllers\Unidades->index()
 5 SYSTEMPATH\CodeIgniter.php(494): CodeIgniter\CodeIgniter->runController(Object(App\Controllers\Unidades))
 6 SYSTEMPATH\CodeIgniter.php(353): CodeIgniter\CodeIgniter->handleRequest(null, Object(Config\Cache), false)
 7 FCPATH\index.php(79): CodeIgniter\CodeIgniter->run()
CRITICAL - 2023-10-09 03:21:37 --> Invalid file: "unidades/unidades.php"
in SYSTEMPATH\Exceptions\FrameworkException.php on line 39.
 1 SYSTEMPATH\View\View.php(214): CodeIgniter\Exceptions\FrameworkException::forInvalidFile('unidades/unidades.php')
 2 SYSTEMPATH\Common.php(1188): CodeIgniter\View\View->render('unidades/unidades', [], true)
 3 APPPATH\Controllers\Unidades.php(24): view('unidades/unidades', [...])
 4 SYSTEMPATH\CodeIgniter.php(919): App\Controllers\Unidades->index()
 5 SYSTEMPATH\CodeIgniter.php(494): CodeIgniter\CodeIgniter->runController(Object(App\Controllers\Unidades))
 6 SYSTEMPATH\CodeIgniter.php(353): CodeIgniter\CodeIgniter->handleRequest(null, Object(Config\Cache), false)
 7 FCPATH\index.php(79): CodeIgniter\CodeIgniter->run()
CRITICAL - 2023-10-09 03:23:04 --> Undefined variable: datos
in APPPATH\Views\unidadmedida\unidades.php on line 27.
 1 APPPATH\Views\unidadmedida\unidades.php(27): CodeIgniter\Debug\Exceptions->errorHandler(8, 'Undefined variable: datos', 'C:\\xampp\\htdocs\\kardexalmacen\\app\\Views\\unidadmedida\\unidades.php', 27, [...])
 2 SYSTEMPATH\View\View.php(226): include('C:\\xampp\\htdocs\\kardexalmacen\\app\\Views\\unidadmedida\\unidades.php')
 3 SYSTEMPATH\View\View.php(229): CodeIgniter\View\View->CodeIgniter\View\{closure}()
 4 SYSTEMPATH\Common.php(1188): CodeIgniter\View\View->render('unidadmedida/unidades', [], true)
 5 APPPATH\Controllers\Unidades.php(24): view('unidadmedida/unidades', [...])
 6 SYSTEMPATH\CodeIgniter.php(919): App\Controllers\Unidades->index()
 7 SYSTEMPATH\CodeIgniter.php(494): CodeIgniter\CodeIgniter->runController(Object(App\Controllers\Unidades))
 8 SYSTEMPATH\CodeIgniter.php(353): CodeIgniter\CodeIgniter->handleRequest(null, Object(Config\Cache), false)
 9 FCPATH\index.php(79): CodeIgniter\CodeIgniter->run()
CRITICAL - 2023-10-09 03:24:56 --> Too few arguments to function App\Controllers\Unidades::editar(), 0 passed in C:\xampp\htdocs\kardexalmacen\system\CodeIgniter.php on line 919 and exactly 1 expected
in APPPATH\Controllers\Unidades.php on line 43.
 1 SYSTEMPATH\CodeIgniter.php(919): App\Controllers\Unidades->editar()
 2 SYSTEMPATH\CodeIgniter.php(494): CodeIgniter\CodeIgniter->runController(Object(App\Controllers\Unidades))
 3 SYSTEMPATH\CodeIgniter.php(353): CodeIgniter\CodeIgniter->handleRequest(null, Object(Config\Cache), false)
 4 FCPATH\index.php(79): CodeIgniter\CodeIgniter->run()
CRITICAL - 2023-10-09 03:27:34 --> Too few arguments to function App\Controllers\Unidades::editar(), 0 passed in C:\xampp\htdocs\kardexalmacen\system\CodeIgniter.php on line 919 and exactly 1 expected
in APPPATH\Controllers\Unidades.php on line 43.
 1 SYSTEMPATH\CodeIgniter.php(919): App\Controllers\Unidades->editar()
 2 SYSTEMPATH\CodeIgniter.php(494): CodeIgniter\CodeIgniter->runController(Object(App\Controllers\Unidades))
 3 SYSTEMPATH\CodeIgniter.php(353): CodeIgniter\CodeIgniter->handleRequest(null, Object(Config\Cache), false)
 4 FCPATH\index.php(79): CodeIgniter\CodeIgniter->run()
CRITICAL - 2023-10-09 03:40:17 --> Too few arguments to function App\Controllers\Unidades::editar(), 0 passed in C:\xampp\htdocs\kardexalmacen\system\CodeIgniter.php on line 919 and exactly 1 expected
in APPPATH\Controllers\Unidades.php on line 43.
 1 SYSTEMPATH\CodeIgniter.php(919): App\Controllers\Unidades->editar()
 2 SYSTEMPATH\CodeIgniter.php(494): CodeIgniter\CodeIgniter->runController(Object(App\Controllers\Unidades))
 3 SYSTEMPATH\CodeIgniter.php(353): CodeIgniter\CodeIgniter->handleRequest(null, Object(Config\Cache), false)
 4 FCPATH\index.php(79): CodeIgniter\CodeIgniter->run()
CRITICAL - 2023-10-09 04:33:57 --> Too few arguments to function App\Controllers\Unidades::editar(), 0 passed in C:\xampp\htdocs\kardexalmacen\system\CodeIgniter.php on line 919 and exactly 1 expected
in APPPATH\Controllers\Unidades.php on line 43.
 1 SYSTEMPATH\CodeIgniter.php(919): App\Controllers\Unidades->editar()
 2 SYSTEMPATH\CodeIgniter.php(494): CodeIgniter\CodeIgniter->runController(Object(App\Controllers\Unidades))
 3 SYSTEMPATH\CodeIgniter.php(353): CodeIgniter\CodeIgniter->handleRequest(null, Object(Config\Cache), false)
 4 FCPATH\index.php(79): CodeIgniter\CodeIgniter->run()
