INFO - 2023-11-06 00:29:16 --> Session: Class initialized using 'CodeIgniter\Session\Handlers\FileHandler' driver.
INFO - 2023-11-06 00:29:19 --> Session: Class initialized using 'CodeIgniter\Session\Handlers\FileHandler' driver.
INFO - 2023-11-06 00:29:19 --> Session: Class initialized using 'CodeIgniter\Session\Handlers\FileHandler' driver.
INFO - 2023-11-06 00:29:22 --> Session: Class initialized using 'CodeIgniter\Session\Handlers\FileHandler' driver.
INFO - 2023-11-06 00:29:22 --> Session: Class initialized using 'CodeIgniter\Session\Handlers\FileHandler' driver.
INFO - 2023-11-06 00:29:28 --> Session: Class initialized using 'CodeIgniter\Session\Handlers\FileHandler' driver.
INFO - 2023-11-06 00:29:30 --> Session: Class initialized using 'CodeIgniter\Session\Handlers\FileHandler' driver.
INFO - 2023-11-06 00:29:32 --> Session: Class initialized using 'CodeIgniter\Session\Handlers\FileHandler' driver.
INFO - 2023-11-06 00:29:35 --> Session: Class initialized using 'CodeIgniter\Session\Handlers\FileHandler' driver.
INFO - 2023-11-06 00:29:38 --> Session: Class initialized using 'CodeIgniter\Session\Handlers\FileHandler' driver.
INFO - 2023-11-06 00:29:40 --> Session: Class initialized using 'CodeIgniter\Session\Handlers\FileHandler' driver.
INFO - 2023-11-06 00:29:42 --> Session: Class initialized using 'CodeIgniter\Session\Handlers\FileHandler' driver.
INFO - 2023-11-06 00:29:46 --> Session: Class initialized using 'CodeIgniter\Session\Handlers\FileHandler' driver.
INFO - 2023-11-06 00:29:49 --> Session: Class initialized using 'CodeIgniter\Session\Handlers\FileHandler' driver.
INFO - 2023-11-06 00:29:52 --> Session: Class initialized using 'CodeIgniter\Session\Handlers\FileHandler' driver.
INFO - 2023-11-06 00:34:20 --> Session: Class initialized using 'CodeIgniter\Session\Handlers\FileHandler' driver.
INFO - 2023-11-06 00:58:21 --> Session: Class initialized using 'CodeIgniter\Session\Handlers\FileHandler' driver.
INFO - 2023-11-06 01:29:22 --> Session: Class initialized using 'CodeIgniter\Session\Handlers\FileHandler' driver.
INFO - 2023-11-06 01:30:17 --> Session: Class initialized using 'CodeIgniter\Session\Handlers\FileHandler' driver.
INFO - 2023-11-06 01:31:32 --> Session: Class initialized using 'CodeIgniter\Session\Handlers\FileHandler' driver.
INFO - 2023-11-06 01:31:34 --> Session: Class initialized using 'CodeIgniter\Session\Handlers\FileHandler' driver.
INFO - 2023-11-06 01:32:32 --> Session: Class initialized using 'CodeIgniter\Session\Handlers\FileHandler' driver.
INFO - 2023-11-06 01:32:32 --> Session: Class initialized using 'CodeIgniter\Session\Handlers\FileHandler' driver.
INFO - 2023-11-06 01:34:03 --> Session: Class initialized using 'CodeIgniter\Session\Handlers\FileHandler' driver.
INFO - 2023-11-06 01:34:27 --> Session: Class initialized using 'CodeIgniter\Session\Handlers\FileHandler' driver.
INFO - 2023-11-06 01:35:17 --> Session: Class initialized using 'CodeIgniter\Session\Handlers\FileHandler' driver.
INFO - 2023-11-06 01:35:27 --> Session: Class initialized using 'CodeIgniter\Session\Handlers\FileHandler' driver.
INFO - 2023-11-06 01:36:00 --> Session: Class initialized using 'CodeIgniter\Session\Handlers\FileHandler' driver.
INFO - 2023-11-06 01:36:10 --> Session: Class initialized using 'CodeIgniter\Session\Handlers\FileHandler' driver.
INFO - 2023-11-06 01:36:30 --> Session: Class initialized using 'CodeIgniter\Session\Handlers\FileHandler' driver.
INFO - 2023-11-06 01:36:45 --> Session: Class initialized using 'CodeIgniter\Session\Handlers\FileHandler' driver.
INFO - 2023-11-06 01:36:58 --> Session: Class initialized using 'CodeIgniter\Session\Handlers\FileHandler' driver.
INFO - 2023-11-06 01:39:57 --> Session: Class initialized using 'CodeIgniter\Session\Handlers\FileHandler' driver.
INFO - 2023-11-06 02:09:38 --> Session: Class initialized using 'CodeIgniter\Session\Handlers\FileHandler' driver.
INFO - 2023-11-06 02:09:40 --> Session: Class initialized using 'CodeIgniter\Session\Handlers\FileHandler' driver.
INFO - 2023-11-06 02:09:41 --> Session: Class initialized using 'CodeIgniter\Session\Handlers\FileHandler' driver.
INFO - 2023-11-06 02:09:46 --> Session: Class initialized using 'CodeIgniter\Session\Handlers\FileHandler' driver.
INFO - 2023-11-06 05:27:55 --> Session: Class initialized using 'CodeIgniter\Session\Handlers\FileHandler' driver.
INFO - 2023-11-06 05:27:59 --> Session: Class initialized using 'CodeIgniter\Session\Handlers\FileHandler' driver.
INFO - 2023-11-06 05:28:01 --> Session: Class initialized using 'CodeIgniter\Session\Handlers\FileHandler' driver.
CRITICAL - 2023-11-06 05:28:05 --> require(vendor/autoload.php): failed to open stream: No such file or directory
in APPPATH\Controllers\ReporteExcel.php on line 18.
 1 APPPATH\Controllers\ReporteExcel.php(18): CodeIgniter\Debug\Exceptions->errorHandler(2, 'require(vendor/autoload.php): failed to open stream: No such file or directory', 'C:\\xampp\\htdocs\\kardexalmacen\\app\\Controllers\\ReporteExcel.php', 18, [...])
 2 APPPATH\Controllers\ReporteExcel.php(18): require()
 3 SYSTEMPATH\Autoloader\Autoloader.php(306): include_once('C:\\xampp\\htdocs\\kardexalmacen\\app\\Controllers\\ReporteExcel.php')
 4 SYSTEMPATH\Autoloader\Autoloader.php(285): CodeIgniter\Autoloader\Autoloader->includeFile('C:\\xampp\\htdocs\\kardexalmacen\\app\\Controllers\\ReporteExcel.php')
 5 SYSTEMPATH\Autoloader\Autoloader.php(263): CodeIgniter\Autoloader\Autoloader->loadInNamespace('App\\Controllers\\ReporteExcel')
 6 [internal function]: CodeIgniter\Autoloader\Autoloader->loadClass('App\\Controllers\\ReporteExcel')
 7 [internal function]: spl_autoload_call('App\\Controllers\\ReporteExcel')
 8 SYSTEMPATH\CodeIgniter.php(877): class_exists('\\App\\Controllers\\ReporteExcel', true)
 9 SYSTEMPATH\CodeIgniter.php(481): CodeIgniter\CodeIgniter->startController()
10 SYSTEMPATH\CodeIgniter.php(353): CodeIgniter\CodeIgniter->handleRequest(null, Object(Config\Cache), false)
11 FCPATH\index.php(79): CodeIgniter\CodeIgniter->run()
INFO - 2023-11-06 05:34:28 --> Session: Class initialized using 'CodeIgniter\Session\Handlers\FileHandler' driver.
INFO - 2023-11-06 05:40:11 --> Session: Class initialized using 'CodeIgniter\Session\Handlers\FileHandler' driver.
INFO - 2023-11-06 05:50:00 --> Session: Class initialized using 'CodeIgniter\Session\Handlers\FileHandler' driver.
INFO - 2023-11-06 05:54:10 --> Session: Class initialized using 'CodeIgniter\Session\Handlers\FileHandler' driver.
INFO - 2023-11-06 05:59:11 --> Session: Class initialized using 'CodeIgniter\Session\Handlers\FileHandler' driver.
CRITICAL - 2023-11-06 06:07:04 --> Undefined variable: sheet
in APPPATH\Controllers\ReporteExcel.php on line 71.
 1 APPPATH\Controllers\ReporteExcel.php(71): CodeIgniter\Debug\Exceptions->errorHandler(8, 'Undefined variable: sheet', 'C:\\xampp\\htdocs\\kardexalmacen\\app\\Controllers\\ReporteExcel.php', 71, [...])
 2 SYSTEMPATH\CodeIgniter.php(919): App\Controllers\ReporteExcel->generaExcelEntradasSalidas('(:any)', '(:any)', '(:any)')
 3 SYSTEMPATH\CodeIgniter.php(494): CodeIgniter\CodeIgniter->runController(Object(App\Controllers\ReporteExcel))
 4 SYSTEMPATH\CodeIgniter.php(353): CodeIgniter\CodeIgniter->handleRequest(null, Object(Config\Cache), false)
 5 FCPATH\index.php(79): CodeIgniter\CodeIgniter->run()
CRITICAL - 2023-11-06 06:07:50 --> Undefined variable: sheet
in APPPATH\Controllers\ReporteExcel.php on line 71.
 1 APPPATH\Controllers\ReporteExcel.php(71): CodeIgniter\Debug\Exceptions->errorHandler(8, 'Undefined variable: sheet', 'C:\\xampp\\htdocs\\kardexalmacen\\app\\Controllers\\ReporteExcel.php', 71, [...])
 2 SYSTEMPATH\CodeIgniter.php(919): App\Controllers\ReporteExcel->generaExcelEntradasSalidas('(:any)', '(:any)', '(:any)')
 3 SYSTEMPATH\CodeIgniter.php(494): CodeIgniter\CodeIgniter->runController(Object(App\Controllers\ReporteExcel))
 4 SYSTEMPATH\CodeIgniter.php(353): CodeIgniter\CodeIgniter->handleRequest(null, Object(Config\Cache), false)
 5 FCPATH\index.php(79): CodeIgniter\CodeIgniter->run()
CRITICAL - 2023-11-06 06:07:55 --> Undefined variable: sheet
in APPPATH\Controllers\ReporteExcel.php on line 71.
 1 APPPATH\Controllers\ReporteExcel.php(71): CodeIgniter\Debug\Exceptions->errorHandler(8, 'Undefined variable: sheet', 'C:\\xampp\\htdocs\\kardexalmacen\\app\\Controllers\\ReporteExcel.php', 71, [...])
 2 SYSTEMPATH\CodeIgniter.php(919): App\Controllers\ReporteExcel->generaExcelEntradasSalidas('(:any)', '(:any)', '(:any)')
 3 SYSTEMPATH\CodeIgniter.php(494): CodeIgniter\CodeIgniter->runController(Object(App\Controllers\ReporteExcel))
 4 SYSTEMPATH\CodeIgniter.php(353): CodeIgniter\CodeIgniter->handleRequest(null, Object(Config\Cache), false)
 5 FCPATH\index.php(79): CodeIgniter\CodeIgniter->run()
CRITICAL - 2023-11-06 06:08:12 --> Undefined variable: sheet
in APPPATH\Controllers\ReporteExcel.php on line 71.
 1 APPPATH\Controllers\ReporteExcel.php(71): CodeIgniter\Debug\Exceptions->errorHandler(8, 'Undefined variable: sheet', 'C:\\xampp\\htdocs\\kardexalmacen\\app\\Controllers\\ReporteExcel.php', 71, [...])
 2 SYSTEMPATH\CodeIgniter.php(919): App\Controllers\ReporteExcel->generaExcelEntradasSalidas('(:any)', '(:any)', '(:any)')
 3 SYSTEMPATH\CodeIgniter.php(494): CodeIgniter\CodeIgniter->runController(Object(App\Controllers\ReporteExcel))
 4 SYSTEMPATH\CodeIgniter.php(353): CodeIgniter\CodeIgniter->handleRequest(null, Object(Config\Cache), false)
 5 FCPATH\index.php(79): CodeIgniter\CodeIgniter->run()
CRITICAL - 2023-11-06 06:08:17 --> Undefined variable: sheet
in APPPATH\Controllers\ReporteExcel.php on line 71.
 1 APPPATH\Controllers\ReporteExcel.php(71): CodeIgniter\Debug\Exceptions->errorHandler(8, 'Undefined variable: sheet', 'C:\\xampp\\htdocs\\kardexalmacen\\app\\Controllers\\ReporteExcel.php', 71, [...])
 2 SYSTEMPATH\CodeIgniter.php(919): App\Controllers\ReporteExcel->generaExcelEntradasSalidas('(:any)', '(:any)', '(:any)')
 3 SYSTEMPATH\CodeIgniter.php(494): CodeIgniter\CodeIgniter->runController(Object(App\Controllers\ReporteExcel))
 4 SYSTEMPATH\CodeIgniter.php(353): CodeIgniter\CodeIgniter->handleRequest(null, Object(Config\Cache), false)
 5 FCPATH\index.php(79): CodeIgniter\CodeIgniter->run()
CRITICAL - 2023-11-06 06:09:12 --> Undefined variable: sheet
in APPPATH\Controllers\ReporteExcel.php on line 75.
 1 APPPATH\Controllers\ReporteExcel.php(75): CodeIgniter\Debug\Exceptions->errorHandler(8, 'Undefined variable: sheet', 'C:\\xampp\\htdocs\\kardexalmacen\\app\\Controllers\\ReporteExcel.php', 75, [...])
 2 SYSTEMPATH\CodeIgniter.php(919): App\Controllers\ReporteExcel->generaExcelEntradasSalidas('(:any)', '(:any)', '(:any)')
 3 SYSTEMPATH\CodeIgniter.php(494): CodeIgniter\CodeIgniter->runController(Object(App\Controllers\ReporteExcel))
 4 SYSTEMPATH\CodeIgniter.php(353): CodeIgniter\CodeIgniter->handleRequest(null, Object(Config\Cache), false)
 5 FCPATH\index.php(79): CodeIgniter\CodeIgniter->run()
CRITICAL - 2023-11-06 06:09:14 --> Undefined variable: sheet
in APPPATH\Controllers\ReporteExcel.php on line 75.
 1 APPPATH\Controllers\ReporteExcel.php(75): CodeIgniter\Debug\Exceptions->errorHandler(8, 'Undefined variable: sheet', 'C:\\xampp\\htdocs\\kardexalmacen\\app\\Controllers\\ReporteExcel.php', 75, [...])
 2 SYSTEMPATH\CodeIgniter.php(919): App\Controllers\ReporteExcel->generaExcelEntradasSalidas('(:any)', '(:any)', '(:any)')
 3 SYSTEMPATH\CodeIgniter.php(494): CodeIgniter\CodeIgniter->runController(Object(App\Controllers\ReporteExcel))
 4 SYSTEMPATH\CodeIgniter.php(353): CodeIgniter\CodeIgniter->handleRequest(null, Object(Config\Cache), false)
 5 FCPATH\index.php(79): CodeIgniter\CodeIgniter->run()
CRITICAL - 2023-11-06 06:09:16 --> Undefined variable: sheet
in APPPATH\Controllers\ReporteExcel.php on line 75.
 1 APPPATH\Controllers\ReporteExcel.php(75): CodeIgniter\Debug\Exceptions->errorHandler(8, 'Undefined variable: sheet', 'C:\\xampp\\htdocs\\kardexalmacen\\app\\Controllers\\ReporteExcel.php', 75, [...])
 2 SYSTEMPATH\CodeIgniter.php(919): App\Controllers\ReporteExcel->generaExcelEntradasSalidas('(:any)', '(:any)', '(:any)')
 3 SYSTEMPATH\CodeIgniter.php(494): CodeIgniter\CodeIgniter->runController(Object(App\Controllers\ReporteExcel))
 4 SYSTEMPATH\CodeIgniter.php(353): CodeIgniter\CodeIgniter->handleRequest(null, Object(Config\Cache), false)
 5 FCPATH\index.php(79): CodeIgniter\CodeIgniter->run()
CRITICAL - 2023-11-06 06:09:18 --> Undefined variable: sheet
in APPPATH\Controllers\ReporteExcel.php on line 75.
 1 APPPATH\Controllers\ReporteExcel.php(75): CodeIgniter\Debug\Exceptions->errorHandler(8, 'Undefined variable: sheet', 'C:\\xampp\\htdocs\\kardexalmacen\\app\\Controllers\\ReporteExcel.php', 75, [...])
 2 SYSTEMPATH\CodeIgniter.php(919): App\Controllers\ReporteExcel->generaExcelEntradasSalidas('(:any)', '(:any)', '(:any)')
 3 SYSTEMPATH\CodeIgniter.php(494): CodeIgniter\CodeIgniter->runController(Object(App\Controllers\ReporteExcel))
 4 SYSTEMPATH\CodeIgniter.php(353): CodeIgniter\CodeIgniter->handleRequest(null, Object(Config\Cache), false)
 5 FCPATH\index.php(79): CodeIgniter\CodeIgniter->run()
CRITICAL - 2023-11-06 06:09:23 --> Undefined variable: sheet
in APPPATH\Controllers\ReporteExcel.php on line 75.
 1 APPPATH\Controllers\ReporteExcel.php(75): CodeIgniter\Debug\Exceptions->errorHandler(8, 'Undefined variable: sheet', 'C:\\xampp\\htdocs\\kardexalmacen\\app\\Controllers\\ReporteExcel.php', 75, [...])
 2 SYSTEMPATH\CodeIgniter.php(919): App\Controllers\ReporteExcel->generaExcelEntradasSalidas('(:any)', '(:any)', '(:any)')
 3 SYSTEMPATH\CodeIgniter.php(494): CodeIgniter\CodeIgniter->runController(Object(App\Controllers\ReporteExcel))
 4 SYSTEMPATH\CodeIgniter.php(353): CodeIgniter\CodeIgniter->handleRequest(null, Object(Config\Cache), false)
 5 FCPATH\index.php(79): CodeIgniter\CodeIgniter->run()
CRITICAL - 2023-11-06 06:09:35 --> Undefined variable: sheet
in APPPATH\Controllers\ReporteExcel.php on line 75.
 1 APPPATH\Controllers\ReporteExcel.php(75): CodeIgniter\Debug\Exceptions->errorHandler(8, 'Undefined variable: sheet', 'C:\\xampp\\htdocs\\kardexalmacen\\app\\Controllers\\ReporteExcel.php', 75, [...])
 2 SYSTEMPATH\CodeIgniter.php(919): App\Controllers\ReporteExcel->generaExcelEntradasSalidas('(:any)', '(:any)', '(:any)')
 3 SYSTEMPATH\CodeIgniter.php(494): CodeIgniter\CodeIgniter->runController(Object(App\Controllers\ReporteExcel))
 4 SYSTEMPATH\CodeIgniter.php(353): CodeIgniter\CodeIgniter->handleRequest(null, Object(Config\Cache), false)
 5 FCPATH\index.php(79): CodeIgniter\CodeIgniter->run()
CRITICAL - 2023-11-06 06:09:39 --> Undefined variable: sheet
in APPPATH\Controllers\ReporteExcel.php on line 75.
 1 APPPATH\Controllers\ReporteExcel.php(75): CodeIgniter\Debug\Exceptions->errorHandler(8, 'Undefined variable: sheet', 'C:\\xampp\\htdocs\\kardexalmacen\\app\\Controllers\\ReporteExcel.php', 75, [...])
 2 SYSTEMPATH\CodeIgniter.php(919): App\Controllers\ReporteExcel->generaExcelEntradasSalidas('(:any)', '(:any)', '(:any)')
 3 SYSTEMPATH\CodeIgniter.php(494): CodeIgniter\CodeIgniter->runController(Object(App\Controllers\ReporteExcel))
 4 SYSTEMPATH\CodeIgniter.php(353): CodeIgniter\CodeIgniter->handleRequest(null, Object(Config\Cache), false)
 5 FCPATH\index.php(79): CodeIgniter\CodeIgniter->run()
CRITICAL - 2023-11-06 06:09:40 --> Undefined variable: sheet
in APPPATH\Controllers\ReporteExcel.php on line 75.
 1 APPPATH\Controllers\ReporteExcel.php(75): CodeIgniter\Debug\Exceptions->errorHandler(8, 'Undefined variable: sheet', 'C:\\xampp\\htdocs\\kardexalmacen\\app\\Controllers\\ReporteExcel.php', 75, [...])
 2 SYSTEMPATH\CodeIgniter.php(919): App\Controllers\ReporteExcel->generaExcelEntradasSalidas('(:any)', '(:any)', '(:any)')
 3 SYSTEMPATH\CodeIgniter.php(494): CodeIgniter\CodeIgniter->runController(Object(App\Controllers\ReporteExcel))
 4 SYSTEMPATH\CodeIgniter.php(353): CodeIgniter\CodeIgniter->handleRequest(null, Object(Config\Cache), false)
 5 FCPATH\index.php(79): CodeIgniter\CodeIgniter->run()
CRITICAL - 2023-11-06 06:09:46 --> Undefined variable: sheet
in APPPATH\Controllers\ReporteExcel.php on line 75.
 1 APPPATH\Controllers\ReporteExcel.php(75): CodeIgniter\Debug\Exceptions->errorHandler(8, 'Undefined variable: sheet', 'C:\\xampp\\htdocs\\kardexalmacen\\app\\Controllers\\ReporteExcel.php', 75, [...])
 2 SYSTEMPATH\CodeIgniter.php(919): App\Controllers\ReporteExcel->generaExcelEntradasSalidas('(:any)', '(:any)', '(:any)')
 3 SYSTEMPATH\CodeIgniter.php(494): CodeIgniter\CodeIgniter->runController(Object(App\Controllers\ReporteExcel))
 4 SYSTEMPATH\CodeIgniter.php(353): CodeIgniter\CodeIgniter->handleRequest(null, Object(Config\Cache), false)
 5 FCPATH\index.php(79): CodeIgniter\CodeIgniter->run()
INFO - 2023-11-06 06:10:06 --> Session: Class initialized using 'CodeIgniter\Session\Handlers\FileHandler' driver.
INFO - 2023-11-06 06:45:24 --> Session: Class initialized using 'CodeIgniter\Session\Handlers\FileHandler' driver.
INFO - 2023-11-06 06:47:02 --> Session: Class initialized using 'CodeIgniter\Session\Handlers\FileHandler' driver.
INFO - 2023-11-06 06:53:06 --> Session: Class initialized using 'CodeIgniter\Session\Handlers\FileHandler' driver.
INFO - 2023-11-06 06:53:12 --> Session: Class initialized using 'CodeIgniter\Session\Handlers\FileHandler' driver.
INFO - 2023-11-06 06:53:39 --> Session: Class initialized using 'CodeIgniter\Session\Handlers\FileHandler' driver.
INFO - 2023-11-06 06:54:20 --> Session: Class initialized using 'CodeIgniter\Session\Handlers\FileHandler' driver.
INFO - 2023-11-06 06:54:43 --> Session: Class initialized using 'CodeIgniter\Session\Handlers\FileHandler' driver.
INFO - 2023-11-06 06:54:56 --> Session: Class initialized using 'CodeIgniter\Session\Handlers\FileHandler' driver.
INFO - 2023-11-06 06:56:59 --> Session: Class initialized using 'CodeIgniter\Session\Handlers\FileHandler' driver.
CRITICAL - 2023-11-06 06:57:01 --> readfile(Reporte_de_Entradas.xlsx): failed to open stream: No such file or directory
in APPPATH\Controllers\ReporteExcel.php on line 60.
 1 [internal function]: CodeIgniter\Debug\Exceptions->errorHandler(2, 'readfile(Reporte_de_Entradas.xlsx): failed to open stream: No such file or directory', 'C:\\xampp\\htdocs\\kardexalmacen\\app\\Controllers\\ReporteExcel.php', 60, [...])
 2 APPPATH\Controllers\ReporteExcel.php(60): readfile('Reporte_de_Entradas.xlsx')
 3 SYSTEMPATH\CodeIgniter.php(919): App\Controllers\ReporteExcel->generaExcelEntradasSalidas('(:any)', '(:any)', '(:any)')
 4 SYSTEMPATH\CodeIgniter.php(494): CodeIgniter\CodeIgniter->runController(Object(App\Controllers\ReporteExcel))
 5 SYSTEMPATH\CodeIgniter.php(353): CodeIgniter\CodeIgniter->handleRequest(null, Object(Config\Cache), false)
 6 FCPATH\index.php(79): CodeIgniter\CodeIgniter->run()
CRITICAL - 2023-11-06 06:58:22 --> readfile(Reporte_de_Entradas.xlsx): failed to open stream: No such file or directory
in APPPATH\Controllers\ReporteExcel.php on line 60.
 1 [internal function]: CodeIgniter\Debug\Exceptions->errorHandler(2, 'readfile(Reporte_de_Entradas.xlsx): failed to open stream: No such file or directory', 'C:\\xampp\\htdocs\\kardexalmacen\\app\\Controllers\\ReporteExcel.php', 60, [...])
 2 APPPATH\Controllers\ReporteExcel.php(60): readfile('Reporte_de_Entradas.xlsx')
 3 SYSTEMPATH\CodeIgniter.php(919): App\Controllers\ReporteExcel->generaExcelEntradasSalidas('(:any)', '(:any)', '(:any)')
 4 SYSTEMPATH\CodeIgniter.php(494): CodeIgniter\CodeIgniter->runController(Object(App\Controllers\ReporteExcel))
 5 SYSTEMPATH\CodeIgniter.php(353): CodeIgniter\CodeIgniter->handleRequest(null, Object(Config\Cache), false)
 6 FCPATH\index.php(79): CodeIgniter\CodeIgniter->run()
INFO - 2023-11-06 07:00:12 --> Session: Class initialized using 'CodeIgniter\Session\Handlers\FileHandler' driver.
CRITICAL - 2023-11-06 07:00:13 --> filesize(): stat failed for Reporte_de_Entradas.xlsx
in APPPATH\Controllers\ReporteExcel.php on line 63.
 1 [internal function]: CodeIgniter\Debug\Exceptions->errorHandler(2, 'filesize(): stat failed for Reporte_de_Entradas.xlsx', 'C:\\xampp\\htdocs\\kardexalmacen\\app\\Controllers\\ReporteExcel.php', 63, [...])
 2 APPPATH\Controllers\ReporteExcel.php(63): filesize('Reporte_de_Entradas.xlsx')
 3 SYSTEMPATH\CodeIgniter.php(919): App\Controllers\ReporteExcel->generaExcelEntradasSalidas('(:any)', '(:any)', '(:any)')
 4 SYSTEMPATH\CodeIgniter.php(494): CodeIgniter\CodeIgniter->runController(Object(App\Controllers\ReporteExcel))
 5 SYSTEMPATH\CodeIgniter.php(353): CodeIgniter\CodeIgniter->handleRequest(null, Object(Config\Cache), false)
 6 FCPATH\index.php(79): CodeIgniter\CodeIgniter->run()
CRITICAL - 2023-11-06 07:00:15 --> filesize(): stat failed for Reporte_de_Entradas.xlsx
in APPPATH\Controllers\ReporteExcel.php on line 63.
 1 [internal function]: CodeIgniter\Debug\Exceptions->errorHandler(2, 'filesize(): stat failed for Reporte_de_Entradas.xlsx', 'C:\\xampp\\htdocs\\kardexalmacen\\app\\Controllers\\ReporteExcel.php', 63, [...])
 2 APPPATH\Controllers\ReporteExcel.php(63): filesize('Reporte_de_Entradas.xlsx')
 3 SYSTEMPATH\CodeIgniter.php(919): App\Controllers\ReporteExcel->generaExcelEntradasSalidas('(:any)', '(:any)', '(:any)')
 4 SYSTEMPATH\CodeIgniter.php(494): CodeIgniter\CodeIgniter->runController(Object(App\Controllers\ReporteExcel))
 5 SYSTEMPATH\CodeIgniter.php(353): CodeIgniter\CodeIgniter->handleRequest(null, Object(Config\Cache), false)
 6 FCPATH\index.php(79): CodeIgniter\CodeIgniter->run()
CRITICAL - 2023-11-06 07:00:21 --> filesize(): stat failed for Reporte_de_Entradas.xlsx
in APPPATH\Controllers\ReporteExcel.php on line 63.
 1 [internal function]: CodeIgniter\Debug\Exceptions->errorHandler(2, 'filesize(): stat failed for Reporte_de_Entradas.xlsx', 'C:\\xampp\\htdocs\\kardexalmacen\\app\\Controllers\\ReporteExcel.php', 63, [...])
 2 APPPATH\Controllers\ReporteExcel.php(63): filesize('Reporte_de_Entradas.xlsx')
 3 SYSTEMPATH\CodeIgniter.php(919): App\Controllers\ReporteExcel->generaExcelEntradasSalidas('(:any)', '(:any)', '(:any)')
 4 SYSTEMPATH\CodeIgniter.php(494): CodeIgniter\CodeIgniter->runController(Object(App\Controllers\ReporteExcel))
 5 SYSTEMPATH\CodeIgniter.php(353): CodeIgniter\CodeIgniter->handleRequest(null, Object(Config\Cache), false)
 6 FCPATH\index.php(79): CodeIgniter\CodeIgniter->run()
CRITICAL - 2023-11-06 07:00:22 --> filesize(): stat failed for Reporte_de_Entradas.xlsx
in APPPATH\Controllers\ReporteExcel.php on line 63.
 1 [internal function]: CodeIgniter\Debug\Exceptions->errorHandler(2, 'filesize(): stat failed for Reporte_de_Entradas.xlsx', 'C:\\xampp\\htdocs\\kardexalmacen\\app\\Controllers\\ReporteExcel.php', 63, [...])
 2 APPPATH\Controllers\ReporteExcel.php(63): filesize('Reporte_de_Entradas.xlsx')
 3 SYSTEMPATH\CodeIgniter.php(919): App\Controllers\ReporteExcel->generaExcelEntradasSalidas('(:any)', '(:any)', '(:any)')
 4 SYSTEMPATH\CodeIgniter.php(494): CodeIgniter\CodeIgniter->runController(Object(App\Controllers\ReporteExcel))
 5 SYSTEMPATH\CodeIgniter.php(353): CodeIgniter\CodeIgniter->handleRequest(null, Object(Config\Cache), false)
 6 FCPATH\index.php(79): CodeIgniter\CodeIgniter->run()
CRITICAL - 2023-11-06 07:00:28 --> filesize(): stat failed for Reporte_de_Entradas.xlsx
in APPPATH\Controllers\ReporteExcel.php on line 63.
 1 [internal function]: CodeIgniter\Debug\Exceptions->errorHandler(2, 'filesize(): stat failed for Reporte_de_Entradas.xlsx', 'C:\\xampp\\htdocs\\kardexalmacen\\app\\Controllers\\ReporteExcel.php', 63, [...])
 2 APPPATH\Controllers\ReporteExcel.php(63): filesize('Reporte_de_Entradas.xlsx')
 3 SYSTEMPATH\CodeIgniter.php(919): App\Controllers\ReporteExcel->generaExcelEntradasSalidas('(:any)', '(:any)', '(:any)')
 4 SYSTEMPATH\CodeIgniter.php(494): CodeIgniter\CodeIgniter->runController(Object(App\Controllers\ReporteExcel))
 5 SYSTEMPATH\CodeIgniter.php(353): CodeIgniter\CodeIgniter->handleRequest(null, Object(Config\Cache), false)
 6 FCPATH\index.php(79): CodeIgniter\CodeIgniter->run()
INFO - 2023-11-06 07:00:58 --> Session: Class initialized using 'CodeIgniter\Session\Handlers\FileHandler' driver.
INFO - 2023-11-06 07:06:42 --> Session: Class initialized using 'CodeIgniter\Session\Handlers\FileHandler' driver.
INFO - 2023-11-06 07:13:53 --> Session: Class initialized using 'CodeIgniter\Session\Handlers\FileHandler' driver.
INFO - 2023-11-06 07:19:10 --> Session: Class initialized using 'CodeIgniter\Session\Handlers\FileHandler' driver.
INFO - 2023-11-06 07:24:07 --> Session: Class initialized using 'CodeIgniter\Session\Handlers\FileHandler' driver.
INFO - 2023-11-06 08:40:20 --> Session: Class initialized using 'CodeIgniter\Session\Handlers\FileHandler' driver.
INFO - 2023-11-06 08:40:22 --> Session: Class initialized using 'CodeIgniter\Session\Handlers\FileHandler' driver.
WARNING - 2023-11-06 09:35:03 --> [DEPRECATED] The behavior of unparenthesized expressions containing both '.' and '+'/'-' will change in PHP 8: '+'/'-' will take a higher precedence in APPPATH\Controllers\ReporteExcel.php on line 149.
 1 SYSTEMPATH\Autoloader\Autoloader.php(306): include_once()
 2 SYSTEMPATH\Autoloader\Autoloader.php(285): CodeIgniter\Autoloader\Autoloader->includeFile('C:\\xampp\\htdocs\\kardexalmacen\\app\\Controllers\\ReporteExcel.php')
 3 SYSTEMPATH\Autoloader\Autoloader.php(263): CodeIgniter\Autoloader\Autoloader->loadInNamespace('App\\Controllers\\ReporteExcel')
 4 [internal function]: CodeIgniter\Autoloader\Autoloader->loadClass('App\\Controllers\\ReporteExcel')
 5 [internal function]: spl_autoload_call('App\\Controllers\\ReporteExcel')
 6 SYSTEMPATH\CodeIgniter.php(877): class_exists('\\App\\Controllers\\ReporteExcel', true)
 7 SYSTEMPATH\CodeIgniter.php(481): CodeIgniter\CodeIgniter->startController()
 8 SYSTEMPATH\CodeIgniter.php(353): CodeIgniter\CodeIgniter->handleRequest(null, Object(Config\Cache), false)
 9 FCPATH\index.php(79): CodeIgniter\CodeIgniter->run()
CRITICAL - 2023-11-06 09:35:03 --> A non-numeric value encountered
in APPPATH\Controllers\ReporteExcel.php on line 149.
 1 APPPATH\Controllers\ReporteExcel.php(149): CodeIgniter\Debug\Exceptions->errorHandler(2, 'A non-numeric value encountered', 'C:\\xampp\\htdocs\\kardexalmacen\\app\\Controllers\\ReporteExcel.php', 149, [...])
 2 SYSTEMPATH\CodeIgniter.php(919): App\Controllers\ReporteExcel->generaExcelEntradasSalidas('2023-01-01', '2023-12-31', 'entrada')
 3 SYSTEMPATH\CodeIgniter.php(494): CodeIgniter\CodeIgniter->runController(Object(App\Controllers\ReporteExcel))
 4 SYSTEMPATH\CodeIgniter.php(353): CodeIgniter\CodeIgniter->handleRequest(null, Object(Config\Cache), false)
 5 FCPATH\index.php(79): CodeIgniter\CodeIgniter->run()
INFO - 2023-11-06 09:44:33 --> Session: Class initialized using 'CodeIgniter\Session\Handlers\FileHandler' driver.
INFO - 2023-11-06 09:44:43 --> Session: Class initialized using 'CodeIgniter\Session\Handlers\FileHandler' driver.
INFO - 2023-11-06 09:47:14 --> Session: Class initialized using 'CodeIgniter\Session\Handlers\FileHandler' driver.
INFO - 2023-11-06 09:47:24 --> Session: Class initialized using 'CodeIgniter\Session\Handlers\FileHandler' driver.
INFO - 2023-11-06 09:47:50 --> Session: Class initialized using 'CodeIgniter\Session\Handlers\FileHandler' driver.
INFO - 2023-11-06 09:48:48 --> Session: Class initialized using 'CodeIgniter\Session\Handlers\FileHandler' driver.
INFO - 2023-11-06 09:49:05 --> Session: Class initialized using 'CodeIgniter\Session\Handlers\FileHandler' driver.
INFO - 2023-11-06 09:49:20 --> Session: Class initialized using 'CodeIgniter\Session\Handlers\FileHandler' driver.
INFO - 2023-11-06 09:50:45 --> Session: Class initialized using 'CodeIgniter\Session\Handlers\FileHandler' driver.
INFO - 2023-11-06 09:51:20 --> Session: Class initialized using 'CodeIgniter\Session\Handlers\FileHandler' driver.
INFO - 2023-11-06 10:01:58 --> Session: Class initialized using 'CodeIgniter\Session\Handlers\FileHandler' driver.
INFO - 2023-11-06 10:02:11 --> Session: Class initialized using 'CodeIgniter\Session\Handlers\FileHandler' driver.
INFO - 2023-11-06 10:02:57 --> Session: Class initialized using 'CodeIgniter\Session\Handlers\FileHandler' driver.
INFO - 2023-11-06 10:05:39 --> Session: Class initialized using 'CodeIgniter\Session\Handlers\FileHandler' driver.
INFO - 2023-11-06 10:05:45 --> Session: Class initialized using 'CodeIgniter\Session\Handlers\FileHandler' driver.
INFO - 2023-11-06 10:05:54 --> Session: Class initialized using 'CodeIgniter\Session\Handlers\FileHandler' driver.
INFO - 2023-11-06 10:06:00 --> Session: Class initialized using 'CodeIgniter\Session\Handlers\FileHandler' driver.
